[0m20:58:13.649799 [debug] [MainThread]: Sending event: {'category': 'dbt', 'action': 'invocation', 'label': 'start', 'context': [<snowplow_tracker.self_describing_json.SelfDescribingJson object at 0x10493f760>, <snowplow_tracker.self_describing_json.SelfDescribingJson object at 0x106147730>, <snowplow_tracker.self_describing_json.SelfDescribingJson object at 0x106147e50>]}


============================== 20:58:13.652651 | 723ee081-793b-4276-ab2d-d690ffafd4c3 ==============================
[0m20:58:13.652651 [info ] [MainThread]: Running with dbt=1.8.4
[0m20:58:13.653087 [debug] [MainThread]: running dbt with arguments {'printer_width': '80', 'indirect_selection': 'eager', 'log_cache_events': 'False', 'write_json': 'True', 'partial_parse': 'True', 'cache_selected_only': 'False', 'warn_error': 'None', 'debug': 'False', 'fail_fast': 'False', 'log_path': 'logs', 'profiles_dir': '/Users/surajnag/.dbt', 'version_check': 'True', 'use_colors': 'True', 'use_experimental_parser': 'False', 'empty': 'None', 'quiet': 'False', 'no_print': 'None', 'warn_error_options': 'WarnErrorOptions(include=[], exclude=[])', 'introspect': 'True', 'log_format': 'default', 'static_parser': 'True', 'target_path': 'None', 'invocation_command': 'dbt init', 'send_anonymous_usage_stats': 'True'}
[0m20:58:54.280272 [debug] [MainThread]: Starter project path: /Users/surajnag/anaconda3/lib/python3.10/site-packages/dbt/include/starter_project
[0m20:58:54.292885 [info ] [MainThread]: 
Your new dbt project "custom_postgres" was created!

For more information on how to configure the profiles.yml file,
please consult the dbt documentation here:

  https://docs.getdbt.com/docs/configure-your-profile

One more thing:

Need help? Don't hesitate to reach out to us via GitHub issues or on Slack:

  https://community.getdbt.com/

Happy modeling!

[0m20:58:54.293585 [info ] [MainThread]: Setting up your profile.
[0m21:01:51.655878 [info ] [MainThread]: Profile custom_postgres written to /Users/surajnag/.dbt/profiles.yml using target's profile_template.yml and your supplied values. Run 'dbt debug' to validate the connection.
[0m21:01:51.668684 [debug] [MainThread]: Resource report: {"command_name": "init", "command_success": true, "command_wall_clock_time": 218.05006, "process_user_time": 0.570123, "process_kernel_time": 0.110722, "process_mem_max_rss": "92225536", "process_in_blocks": "0", "process_out_blocks": "0"}
[0m21:01:51.669998 [debug] [MainThread]: Command `dbt init` succeeded at 21:01:51.669826 after 218.05 seconds
[0m21:01:51.670564 [debug] [MainThread]: Sending event: {'category': 'dbt', 'action': 'invocation', 'label': 'end', 'context': [<snowplow_tracker.self_describing_json.SelfDescribingJson object at 0x10493f760>, <snowplow_tracker.self_describing_json.SelfDescribingJson object at 0x106278160>, <snowplow_tracker.self_describing_json.SelfDescribingJson object at 0x106146500>]}
[0m21:01:51.671135 [debug] [MainThread]: Flushing usage events
